Arguments: 
  C:\Program Files\nodejs\node.exe C:\Program Files (x86)\Yarn\bin\yarn.js

PATH: 
  C:\Program Files\Git\mingw64\bin;C:\Program Files\Git\usr\bin;C:\Users\24492\bin;C:\Program Files\Python37\Scripts;C:\Program Files\Python37;C:\WINDOWS\system32;C:\WINDOWS;C:\WINDOWS\System32\Wbem;C:\WINDOWS\System32\WindowsPowerShell\v1.0;C:\WINDOWS\System32\OpenSSH;C:\ProgramData\chocolatey\bin;C:\Program Files\nodejs;C:\Program Files (x86)\Yarn\bin;C:\Program Files (x86)\ATI Technologies\ATI.ACE\Core-Static;C:\Program Files\Git\cmd;C:\Users\24492\AppData\Local\Microsoft\WindowsApps;C:\Users\24492\AppData\Roaming\npm;C:\Users\24492\AppData\Local\Yarn\bin;C:\Users\24492\AppData\Local\Programs\Microsoft VS Code\bin

Yarn version: 
  1.22.5

Node version: 
  14.15.1

Platform: 
  win32 x64

Trace: 
  Error: https://registry.yarnpkg.com/antd/-/antd-4.15.4.tgz: ESOCKETTIMEDOUT
      at ClientRequest.<anonymous> (C:\Program Files (x86)\Yarn\lib\cli.js:141376:19)
      at Object.onceWrapper (events.js:421:28)
      at ClientRequest.emit (events.js:315:20)
      at TLSSocket.emitRequestTimeout (_http_client.js:784:9)
      at Object.onceWrapper (events.js:421:28)
      at TLSSocket.emit (events.js:327:22)
      at TLSSocket.Socket._onTimeout (net.js:483:8)
      at listOnTimeout (internal/timers.js:554:17)
      at processTimers (internal/timers.js:497:7)

npm manifest: 
  {
    "name": "angosalo",
    "version": "0.1.0",
    "private": true,
    "dependencies": {
      "@testing-library/jest-dom": "^5.11.4",
      "@testing-library/react": "^11.1.0",
      "@testing-library/user-event": "^12.1.10",
      "@unform/core": "^2.1.3",
      "@unform/web": "^2.1.3",
      "add": "^2.0.6",
      "antd": "^4.15.2",
      "axios": "^0.20.0",
      "classnames": "^2.2.6",
      "date-fns": "^2.0.0-beta.5",
      "formik": "^2.2.6",
      "history": "^5.0.0",
      "json-server": "^0.16.3",
      "prop-types": "^15.7.2",
      "react": "^17.0.2",
      "react-bootstrap-sweetalert": "^5.2.0",
      "react-chartjs-2": "^2.11.1",
      "react-confirm-alert": "^2.6.2",
      "react-dom": "^17.0.2",
      "react-icons": "^4.2.0",
      "react-is": "^17.0.2",
      "react-json-pretty": "^2.2.0",
      "react-loading": "^2.0.3",
      "react-loading-skeleton": "^2.1.1",
      "react-perfect-scrollbar": "^1.5.8",
      "react-redux": "^7.2.1",
      "react-router-dom": "^6.0.0-beta.0",
      "react-scripts": "4.0.3",
      "react-select": "^3.1.0",
      "react-toastify": "^6.0.9",
      "reactstrap": "^8.9.0",
      "redux": "^4.0.5",
      "redux-saga": "^1.1.3",
      "socket.io-client": "^4.0.1",
      "styled-components": "^5.2.3",
      "web-vitals": "^1.0.1",
      "yarn": "^1.22.10",
      "yup": "^0.32.9"
    },
    "scripts": {
      "start": "react-scripts start",
      "build": "react-scripts build",
      "test": "react-scripts test",
      "eject": "react-scripts eject"
    },
    "eslintConfig": {
      "extends": [
        "react-app",
        "react-app/jest"
      ]
    },
    "browserslist": {
      "production": [
        ">0.2%",
        "not dead",
        "not op_mini all"
      ],
      "development": [
        "last 1 chrome version",
        "last 1 firefox version",
        "last 1 safari version"
      ]
    }
  }

yarn manifest: 
  No manifest

Lockfile: 
  No lockfile
